<?xml version="1.0" encoding="UTF-8"?>
<!-- Generated by org.testng.reporters.JUnitReportReporter -->
<testsuite hostname="ESTL-MKumar" failures="0" tests="1" name="testRunners.ChromeRunner" time="317.783" errors="0" timestamp="2022-08-19T17:41:43 IST" skipped="0">
  <testcase classname="testRunners.ChromeRunner" name="runScenario" time="317.783"/>
  <system-out/>
</testsuite> <!-- testRunners.ChromeRunner -->
