<?xml version="1.0" encoding="UTF-8"?>
<!-- Generated by org.testng.reporters.JUnitReportReporter -->
<testsuite hostname="ESTL-MKumar" failures="0" tests="1" name="testRunners.End2EndRunner" time="32.106" errors="0" timestamp="2022-09-08T11:44:53 IST" skipped="0">
  <testcase classname="testRunners.End2EndRunner" name="runScenario" time="32.106"/>
  <system-out/>
</testsuite> <!-- testRunners.End2EndRunner -->
