<?xml version="1.0" encoding="UTF-8"?>
<!-- Generated by org.testng.reporters.JUnitReportReporter -->
<testsuite hostname="ESTL-MKumar" failures="0" tests="9" name="testRunners.FunctionalRunner" time="110.914" errors="2" timestamp="2022-08-21T21:20:55 IST" skipped="0">
  <testcase classname="testRunners.FunctionalRunner" name="runScenario" time="15.658">
    <error message="TODO: implement me" type="io.cucumber.java.PendingException">
      <![CDATA[io.cucumber.java.PendingException: TODO: implement me
at stepDefinitions.MonitorSteps.i_click_on_ecm_request_details_help_button_walkthrough_starts(MonitorSteps.java:97)
at ✽.I click on ECM Request details help? button walkthrough starts(file:///D:/Framework/UI_v1/src/test/resources/features/4_MonitorPage.feature:12)
]]>
    </error>
  </testcase> <!-- runScenario -->
  <system-out/>
  <testcase classname="testRunners.FunctionalRunner" name="runScenario" time="8.265"/>
  <system-out/>
  <testcase classname="testRunners.FunctionalRunner" name="runScenario" time="0.022"/>
  <system-out/>
  <testcase classname="testRunners.FunctionalRunner" name="runScenario" time="11.659"/>
  <system-out/>
  <testcase classname="testRunners.FunctionalRunner" name="runScenario" time="7.607"/>
  <system-out/>
  <testcase classname="testRunners.FunctionalRunner" name="runScenario" time="35.952"/>
  <system-out/>
  <testcase classname="testRunners.FunctionalRunner" name="runScenario" time="5.345"/>
  <system-out/>
  <testcase classname="testRunners.FunctionalRunner" name="runScenario" time="15.551">
    <error message="TODO: implement me" type="io.cucumber.java.PendingException">
      <![CDATA[io.cucumber.java.PendingException: TODO: implement me
at stepDefinitions.MonitorSteps.i_click_on_parquet_request_details_help_button_walkthrough_starts(MonitorSteps.java:190)
at ✽.I click on Parquet Request details help? button walkthrough starts(file:///D:/Framework/UI_v1/src/test/resources/features/4_MonitorPage.feature:26)
]]>
    </error>
  </testcase> <!-- runScenario -->
  <system-out/>
  <testcase classname="testRunners.FunctionalRunner" name="runScenario" time="10.855"/>
  <system-out/>
</testsuite> <!-- testRunners.FunctionalRunner -->
